{"F:\\rs-school\\react4\\rss-react\\src\\App.tsx": {"path":"F:\\rs-school\\react4\\rss-react\\src\\App.tsx","statementMap":{"0":{"start":{"line":1,"column":0},"end":{"line":1,"column":39}},"1":{"start":{"line":2,"column":0},"end":{"line":2,"column":49}},"2":{"start":{"line":4,"column":0},"end":{"line":4,"column":55}},"3":{"start":{"line":5,"column":0},"end":{"line":5,"column":49}},"4":{"start":{"line":6,"column":0},"end":{"line":6,"column":46}},"5":{"start":{"line":7,"column":0},"end":{"line":7,"column":38}},"6":{"start":{"line":10,"column":2},"end":{"line":21,"column":4}},"7":{"start":{"line":9,"column":0},"end":{"line":9,"column":24}}},"fnMap":{"0":{"name":"App","decl":{"start":{"line":9,"column":24},"end":{"line":9,"column":27}},"loc":{"start":{"line":9,"column":27},"end":{"line":22,"column":1}}}},"branchMap":{},"s":{"0":1,"1":1,"2":1,"3":1,"4":1,"5":1,"6":3,"7":1},"f":{"0":3},"b":{}}
,"F:\\rs-school\\react4\\rss-react\\src\\components\\Buttons\\ButtonError.tsx": {"path":"F:\\rs-school\\react4\\rss-react\\src\\components\\Buttons\\ButtonError.tsx","statementMap":{"0":{"start":{"line":1,"column":0},"end":{"line":1,"column":44}},"1":{"start":{"line":3,"column":0},"end":{"line":3,"column":21}},"2":{"start":{"line":6,"column":30},"end":{"line":6,"column":45}},"3":{"start":{"line":8,"column":22},"end":{"line":10,"column":3}},"4":{"start":{"line":9,"column":4},"end":{"line":9,"column":19}},"5":{"start":{"line":12,"column":2},"end":{"line":20,"column":16}},"6":{"start":{"line":13,"column":24},"end":{"line":18,"column":5}},"7":{"start":{"line":14,"column":6},"end":{"line":17,"column":null}},"8":{"start":{"line":15,"column":8},"end":{"line":15,"column":45}},"9":{"start":{"line":16,"column":8},"end":{"line":16,"column":29}},"10":{"start":{"line":19,"column":4},"end":{"line":19,"column":18}},"11":{"start":{"line":22,"column":2},"end":{"line":28,"column":4}},"12":{"start":{"line":5,"column":0},"end":{"line":5,"column":24}}},"fnMap":{"0":{"name":"ButtonReload","decl":{"start":{"line":5,"column":24},"end":{"line":5,"column":36}},"loc":{"start":{"line":5,"column":36},"end":{"line":29,"column":1}}},"1":{"name":"(anonymous_1)","decl":{"start":{"line":8,"column":22},"end":{"line":8,"column":25}},"loc":{"start":{"line":8,"column":27},"end":{"line":10,"column":3}}},"2":{"name":"(anonymous_2)","decl":{"start":{"line":12,"column":12},"end":{"line":12,"column":15}},"loc":{"start":{"line":12,"column":17},"end":{"line":20,"column":3}}},"3":{"name":"(anonymous_3)","decl":{"start":{"line":13,"column":24},"end":{"line":13,"column":27}},"loc":{"start":{"line":13,"column":29},"end":{"line":18,"column":5}}}},"branchMap":{"0":{"loc":{"start":{"line":14,"column":6},"end":{"line":17,"column":null}},"type":"if","locations":[{"start":{"line":14,"column":6},"end":{"line":17,"column":null}}]}},"s":{"0":4,"1":4,"2":59,"3":59,"4":0,"5":59,"6":16,"7":16,"8":0,"9":0,"10":16,"11":59,"12":4},"f":{"0":59,"1":0,"2":16,"3":16},"b":{"0":[0]}}
,"F:\\rs-school\\react4\\rss-react\\src\\components\\Buttons\\ButtonReload.tsx": {"path":"F:\\rs-school\\react4\\rss-react\\src\\components\\Buttons\\ButtonReload.tsx","statementMap":{"0":{"start":{"line":2,"column":2},"end":{"line":6,"column":4}},"1":{"start":{"line":4,"column":29},"end":{"line":4,"column":53}},"2":{"start":{"line":1,"column":0},"end":{"line":1,"column":24}}},"fnMap":{"0":{"name":"ButtonReload","decl":{"start":{"line":1,"column":24},"end":{"line":1,"column":36}},"loc":{"start":{"line":1,"column":36},"end":{"line":7,"column":1}}},"1":{"name":"(anonymous_1)","decl":{"start":{"line":4,"column":23},"end":{"line":4,"column":26}},"loc":{"start":{"line":4,"column":29},"end":{"line":4,"column":53}}}},"branchMap":{},"s":{"0":22,"1":0,"2":4},"f":{"0":22,"1":0},"b":{}}
,"F:\\rs-school\\react4\\rss-react\\src\\components\\Buttons\\index.ts": {"path":"F:\\rs-school\\react4\\rss-react\\src\\components\\Buttons\\index.ts","statementMap":{"0":{"start":{"line":1,"column":0},"end":{"line":1,"column":9}},"1":{"start":{"line":1,"column":9},"end":{"line":1,"column":32}},"2":{"start":{"line":2,"column":0},"end":{"line":2,"column":9}},"3":{"start":{"line":2,"column":9},"end":{"line":2,"column":31}}},"fnMap":{"0":{"name":"(anonymous_0)","decl":{"start":{"line":1,"column":9},"end":{"line":1,"column":16}},"loc":{"start":{"line":1,"column":9},"end":{"line":1,"column":32}}},"1":{"name":"(anonymous_1)","decl":{"start":{"line":2,"column":9},"end":{"line":2,"column":16}},"loc":{"start":{"line":2,"column":9},"end":{"line":2,"column":31}}}},"branchMap":{},"s":{"0":3,"1":23,"2":3,"3":58},"f":{"0":20,"1":55},"b":{}}
,"F:\\rs-school\\react4\\rss-react\\src\\components\\CardsItem\\CardsItem.tsx": {"path":"F:\\rs-school\\react4\\rss-react\\src\\components\\CardsItem\\CardsItem.tsx","statementMap":{"0":{"start":{"line":1,"column":0},"end":{"line":1,"column":40}},"1":{"start":{"line":4,"column":0},"end":{"line":4,"column":21}},"2":{"start":{"line":11,"column":2},"end":{"line":35,"column":4}},"3":{"start":{"line":10,"column":0},"end":{"line":10,"column":24}}},"fnMap":{"0":{"name":"CardsItem","decl":{"start":{"line":10,"column":24},"end":{"line":10,"column":33}},"loc":{"start":{"line":10,"column":54},"end":{"line":36,"column":1}}}},"branchMap":{},"s":{"0":4,"1":4,"2":3,"3":4},"f":{"0":3},"b":{}}
,"F:\\rs-school\\react4\\rss-react\\src\\components\\CardsItem\\index.ts": {"path":"F:\\rs-school\\react4\\rss-react\\src\\components\\CardsItem\\index.ts","statementMap":{"0":{"start":{"line":1,"column":0},"end":{"line":1,"column":9}},"1":{"start":{"line":1,"column":9},"end":{"line":1,"column":29}}},"fnMap":{"0":{"name":"(anonymous_0)","decl":{"start":{"line":1,"column":9},"end":{"line":1,"column":16}},"loc":{"start":{"line":1,"column":9},"end":{"line":1,"column":29}}}},"branchMap":{},"s":{"0":4,"1":7},"f":{"0":3},"b":{}}
,"F:\\rs-school\\react4\\rss-react\\src\\components\\CardsList\\CardsList.tsx": {"path":"F:\\rs-school\\react4\\rss-react\\src\\components\\CardsList\\CardsList.tsx","statementMap":{"0":{"start":{"line":1,"column":0},"end":{"line":1,"column":55}},"1":{"start":{"line":2,"column":0},"end":{"line":2,"column":62}},"2":{"start":{"line":3,"column":0},"end":{"line":3,"column":21}},"3":{"start":{"line":6,"column":32},"end":{"line":6,"column":77}},"4":{"start":{"line":6,"column":58},"end":{"line":6,"column":76}},"5":{"start":{"line":7,"column":2},"end":{"line":13,"column":4}},"6":{"start":{"line":10,"column":8},"end":{"line":10,"column":52}},"7":{"start":{"line":5,"column":0},"end":{"line":5,"column":24}}},"fnMap":{"0":{"name":"CardsList","decl":{"start":{"line":5,"column":24},"end":{"line":5,"column":33}},"loc":{"start":{"line":5,"column":33},"end":{"line":14,"column":1}}},"1":{"name":"(anonymous_1)","decl":{"start":{"line":6,"column":47},"end":{"line":6,"column":48}},"loc":{"start":{"line":6,"column":58},"end":{"line":6,"column":76}}},"2":{"name":"(anonymous_2)","decl":{"start":{"line":9,"column":38},"end":{"line":9,"column":39}},"loc":{"start":{"line":10,"column":8},"end":{"line":10,"column":52}}}},"branchMap":{},"s":{"0":3,"1":3,"2":3,"3":7,"4":14,"5":7,"6":0,"7":3},"f":{"0":7,"1":14,"2":0},"b":{}}
,"F:\\rs-school\\react4\\rss-react\\src\\components\\CardsList\\index.ts": {"path":"F:\\rs-school\\react4\\rss-react\\src\\components\\CardsList\\index.ts","statementMap":{"0":{"start":{"line":1,"column":0},"end":{"line":1,"column":9}},"1":{"start":{"line":1,"column":9},"end":{"line":1,"column":29}}},"fnMap":{"0":{"name":"(anonymous_0)","decl":{"start":{"line":1,"column":9},"end":{"line":1,"column":16}},"loc":{"start":{"line":1,"column":9},"end":{"line":1,"column":29}}}},"branchMap":{},"s":{"0":3,"1":10},"f":{"0":7},"b":{}}
,"F:\\rs-school\\react4\\rss-react\\src\\components\\DetailInfo\\DetailInfo.tsx": {"path":"F:\\rs-school\\react4\\rss-react\\src\\components\\DetailInfo\\DetailInfo.tsx","statementMap":{"0":{"start":{"line":1,"column":0},"end":{"line":1,"column":40}},"1":{"start":{"line":10,"column":2},"end":{"line":37,"column":4}},"2":{"start":{"line":9,"column":0},"end":{"line":9,"column":24}}},"fnMap":{"0":{"name":"DetailInfo","decl":{"start":{"line":9,"column":24},"end":{"line":9,"column":34}},"loc":{"start":{"line":9,"column":55},"end":{"line":38,"column":1}}}},"branchMap":{},"s":{"0":3,"1":2,"2":3},"f":{"0":2},"b":{}}
,"F:\\rs-school\\react4\\rss-react\\src\\components\\DetailInfo\\index.ts": {"path":"F:\\rs-school\\react4\\rss-react\\src\\components\\DetailInfo\\index.ts","statementMap":{"0":{"start":{"line":1,"column":0},"end":{"line":1,"column":9}},"1":{"start":{"line":1,"column":9},"end":{"line":1,"column":30}}},"fnMap":{"0":{"name":"(anonymous_0)","decl":{"start":{"line":1,"column":9},"end":{"line":1,"column":16}},"loc":{"start":{"line":1,"column":9},"end":{"line":1,"column":30}}}},"branchMap":{},"s":{"0":3,"1":5},"f":{"0":2},"b":{}}
,"F:\\rs-school\\react4\\rss-react\\src\\components\\Header\\Header.tsx": {"path":"F:\\rs-school\\react4\\rss-react\\src\\components\\Header\\Header.tsx","statementMap":{"0":{"start":{"line":1,"column":0},"end":{"line":1,"column":41}},"1":{"start":{"line":2,"column":0},"end":{"line":2,"column":21}},"2":{"start":{"line":5,"column":2},"end":{"line":12,"column":4}},"3":{"start":{"line":4,"column":0},"end":{"line":4,"column":24}}},"fnMap":{"0":{"name":"Header","decl":{"start":{"line":4,"column":24},"end":{"line":4,"column":30}},"loc":{"start":{"line":4,"column":30},"end":{"line":13,"column":1}}}},"branchMap":{},"s":{"0":3,"1":3,"2":55,"3":3},"f":{"0":55},"b":{}}
,"F:\\rs-school\\react4\\rss-react\\src\\components\\Header\\index.ts": {"path":"F:\\rs-school\\react4\\rss-react\\src\\components\\Header\\index.ts","statementMap":{"0":{"start":{"line":1,"column":0},"end":{"line":1,"column":9}},"1":{"start":{"line":1,"column":9},"end":{"line":1,"column":26}}},"fnMap":{"0":{"name":"(anonymous_0)","decl":{"start":{"line":1,"column":9},"end":{"line":1,"column":16}},"loc":{"start":{"line":1,"column":9},"end":{"line":1,"column":26}}}},"branchMap":{},"s":{"0":3,"1":58},"f":{"0":55},"b":{}}
,"F:\\rs-school\\react4\\rss-react\\src\\components\\Loader\\Loader.tsx": {"path":"F:\\rs-school\\react4\\rss-react\\src\\components\\Loader\\Loader.tsx","statementMap":{"0":{"start":{"line":1,"column":0},"end":{"line":1,"column":21}},"1":{"start":{"line":4,"column":2},"end":{"line":9,"column":4}},"2":{"start":{"line":3,"column":0},"end":{"line":3,"column":24}}},"fnMap":{"0":{"name":"Loader","decl":{"start":{"line":3,"column":24},"end":{"line":3,"column":30}},"loc":{"start":{"line":3,"column":30},"end":{"line":10,"column":1}}}},"branchMap":{},"s":{"0":4,"1":19,"2":4},"f":{"0":19},"b":{}}
,"F:\\rs-school\\react4\\rss-react\\src\\components\\Loader\\index.ts": {"path":"F:\\rs-school\\react4\\rss-react\\src\\components\\Loader\\index.ts","statementMap":{"0":{"start":{"line":1,"column":0},"end":{"line":1,"column":9}},"1":{"start":{"line":1,"column":9},"end":{"line":1,"column":26}}},"fnMap":{"0":{"name":"(anonymous_0)","decl":{"start":{"line":1,"column":9},"end":{"line":1,"column":16}},"loc":{"start":{"line":1,"column":9},"end":{"line":1,"column":26}}}},"branchMap":{},"s":{"0":4,"1":23},"f":{"0":19},"b":{}}
,"F:\\rs-school\\react4\\rss-react\\src\\components\\Pagination\\Pagination.tsx": {"path":"F:\\rs-school\\react4\\rss-react\\src\\components\\Pagination\\Pagination.tsx","statementMap":{"0":{"start":{"line":1,"column":0},"end":{"line":1,"column":44}},"1":{"start":{"line":2,"column":0},"end":{"line":2,"column":51}},"2":{"start":{"line":4,"column":0},"end":{"line":4,"column":52}},"3":{"start":{"line":5,"column":0},"end":{"line":5,"column":61}},"4":{"start":{"line":6,"column":0},"end":{"line":6,"column":62}},"5":{"start":{"line":7,"column":0},"end":{"line":7,"column":67}},"6":{"start":{"line":8,"column":0},"end":{"line":8,"column":21}},"7":{"start":{"line":11,"column":47},"end":{"line":11,"column":92}},"8":{"start":{"line":11,"column":73},"end":{"line":11,"column":91}},"9":{"start":{"line":12,"column":26},"end":{"line":12,"column":44}},"10":{"start":{"line":13,"column":19},"end":{"line":13,"column":43}},"11":{"start":{"line":14,"column":19},"end":{"line":14,"column":35}},"12":{"start":{"line":16,"column":42},"end":{"line":16,"column":59}},"13":{"start":{"line":18,"column":2},"end":{"line":20,"column":54}},"14":{"start":{"line":19,"column":4},"end":{"line":19,"column":52}},"15":{"start":{"line":22,"column":2},"end":{"line":24,"column":32}},"16":{"start":{"line":23,"column":4},"end":{"line":23,"column":38}},"17":{"start":{"line":26,"column":2},"end":{"line":28,"column":29}},"18":{"start":{"line":27,"column":4},"end":{"line":27,"column":22}},"19":{"start":{"line":30,"column":22},"end":{"line":33,"column":3}},"20":{"start":{"line":31,"column":4},"end":{"line":31,"column":41}},"21":{"start":{"line":32,"column":4},"end":{"line":32,"column":51}},"22":{"start":{"line":34,"column":22},"end":{"line":37,"column":3}},"23":{"start":{"line":35,"column":4},"end":{"line":35,"column":41}},"24":{"start":{"line":36,"column":4},"end":{"line":36,"column":51}},"25":{"start":{"line":38,"column":2},"end":{"line":48,"column":4}},"26":{"start":{"line":10,"column":0},"end":{"line":10,"column":24}}},"fnMap":{"0":{"name":"Pagination","decl":{"start":{"line":10,"column":24},"end":{"line":10,"column":34}},"loc":{"start":{"line":10,"column":34},"end":{"line":49,"column":1}}},"1":{"name":"(anonymous_1)","decl":{"start":{"line":11,"column":62},"end":{"line":11,"column":63}},"loc":{"start":{"line":11,"column":73},"end":{"line":11,"column":91}}},"2":{"name":"(anonymous_2)","decl":{"start":{"line":18,"column":12},"end":{"line":18,"column":15}},"loc":{"start":{"line":18,"column":17},"end":{"line":20,"column":3}}},"3":{"name":"(anonymous_3)","decl":{"start":{"line":22,"column":12},"end":{"line":22,"column":15}},"loc":{"start":{"line":22,"column":17},"end":{"line":24,"column":3}}},"4":{"name":"(anonymous_4)","decl":{"start":{"line":26,"column":12},"end":{"line":26,"column":15}},"loc":{"start":{"line":26,"column":17},"end":{"line":28,"column":3}}},"5":{"name":"(anonymous_5)","decl":{"start":{"line":30,"column":22},"end":{"line":30,"column":25}},"loc":{"start":{"line":30,"column":27},"end":{"line":33,"column":3}}},"6":{"name":"(anonymous_6)","decl":{"start":{"line":34,"column":22},"end":{"line":34,"column":25}},"loc":{"start":{"line":34,"column":27},"end":{"line":37,"column":3}}}},"branchMap":{"0":{"loc":{"start":{"line":31,"column":12},"end":{"line":31,"column":39}},"type":"binary-expr","locations":[{"start":{"line":31,"column":12},"end":{"line":31,"column":27}},{"start":{"line":31,"column":31},"end":{"line":31,"column":39}}]},"1":{"loc":{"start":{"line":35,"column":12},"end":{"line":35,"column":39}},"type":"binary-expr","locations":[{"start":{"line":35,"column":12},"end":{"line":35,"column":27}},{"start":{"line":35,"column":31},"end":{"line":35,"column":39}}]}},"s":{"0":3,"1":3,"2":3,"3":3,"4":3,"5":3,"6":3,"7":78,"8":166,"9":77,"10":77,"11":77,"12":77,"13":77,"14":19,"15":77,"16":11,"17":77,"18":15,"19":77,"20":0,"21":0,"22":77,"23":0,"24":0,"25":77,"26":3},"f":{"0":78,"1":166,"2":19,"3":11,"4":15,"5":0,"6":0},"b":{"0":[0,0],"1":[0,0]}}
,"F:\\rs-school\\react4\\rss-react\\src\\components\\Pagination\\index.ts": {"path":"F:\\rs-school\\react4\\rss-react\\src\\components\\Pagination\\index.ts","statementMap":{"0":{"start":{"line":1,"column":0},"end":{"line":1,"column":9}},"1":{"start":{"line":1,"column":9},"end":{"line":1,"column":30}}},"fnMap":{"0":{"name":"(anonymous_0)","decl":{"start":{"line":1,"column":9},"end":{"line":1,"column":16}},"loc":{"start":{"line":1,"column":9},"end":{"line":1,"column":30}}}},"branchMap":{},"s":{"0":3,"1":57},"f":{"0":54},"b":{}}
,"F:\\rs-school\\react4\\rss-react\\src\\components\\PerPage\\PerPage.tsx": {"path":"F:\\rs-school\\react4\\rss-react\\src\\components\\PerPage\\PerPage.tsx","statementMap":{"0":{"start":{"line":1,"column":0},"end":{"line":1,"column":53}},"1":{"start":{"line":2,"column":0},"end":{"line":2,"column":79}},"2":{"start":{"line":3,"column":0},"end":{"line":3,"column":62}},"3":{"start":{"line":4,"column":0},"end":{"line":4,"column":67}},"4":{"start":{"line":5,"column":0},"end":{"line":5,"column":21}},"5":{"start":{"line":8,"column":19},"end":{"line":8,"column":35}},"6":{"start":{"line":9,"column":27},"end":{"line":13,"column":3}},"7":{"start":{"line":10,"column":4},"end":{"line":10,"column":33}},"8":{"start":{"line":11,"column":4},"end":{"line":11,"column":36}},"9":{"start":{"line":12,"column":4},"end":{"line":12,"column":32}},"10":{"start":{"line":14,"column":23},"end":{"line":14,"column":68}},"11":{"start":{"line":14,"column":49},"end":{"line":14,"column":67}},"12":{"start":{"line":15,"column":2},"end":{"line":15,"column":31}},"13":{"start":{"line":16,"column":2},"end":{"line":27,"column":4}},"14":{"start":{"line":19,"column":27},"end":{"line":19,"column":63}},"15":{"start":{"line":7,"column":0},"end":{"line":7,"column":24}}},"fnMap":{"0":{"name":"PerPage","decl":{"start":{"line":7,"column":24},"end":{"line":7,"column":31}},"loc":{"start":{"line":7,"column":31},"end":{"line":28,"column":1}}},"1":{"name":"(anonymous_1)","decl":{"start":{"line":9,"column":27},"end":{"line":9,"column":28}},"loc":{"start":{"line":9,"column":43},"end":{"line":13,"column":3}}},"2":{"name":"(anonymous_2)","decl":{"start":{"line":14,"column":38},"end":{"line":14,"column":39}},"loc":{"start":{"line":14,"column":49},"end":{"line":14,"column":67}}},"3":{"name":"(anonymous_3)","decl":{"start":{"line":19,"column":16},"end":{"line":19,"column":17}},"loc":{"start":{"line":19,"column":27},"end":{"line":19,"column":63}}}},"branchMap":{},"s":{"0":3,"1":3,"2":3,"3":3,"4":3,"5":69,"6":68,"7":0,"8":0,"9":0,"10":68,"11":166,"12":68,"13":68,"14":0,"15":3},"f":{"0":69,"1":0,"2":166,"3":0},"b":{}}
,"F:\\rs-school\\react4\\rss-react\\src\\components\\PerPage\\index.ts": {"path":"F:\\rs-school\\react4\\rss-react\\src\\components\\PerPage\\index.ts","statementMap":{"0":{"start":{"line":1,"column":0},"end":{"line":1,"column":9}},"1":{"start":{"line":1,"column":9},"end":{"line":1,"column":27}}},"fnMap":{"0":{"name":"(anonymous_0)","decl":{"start":{"line":1,"column":9},"end":{"line":1,"column":16}},"loc":{"start":{"line":1,"column":9},"end":{"line":1,"column":27}}}},"branchMap":{},"s":{"0":3,"1":61},"f":{"0":58},"b":{}}
,"F:\\rs-school\\react4\\rss-react\\src\\components\\Search\\Search.tsx": {"path":"F:\\rs-school\\react4\\rss-react\\src\\components\\Search\\Search.tsx","statementMap":{"0":{"start":{"line":1,"column":0},"end":{"line":1,"column":44}},"1":{"start":{"line":3,"column":0},"end":{"line":3,"column":52}},"2":{"start":{"line":4,"column":0},"end":{"line":4,"column":89}},"3":{"start":{"line":5,"column":0},"end":{"line":5,"column":62}},"4":{"start":{"line":6,"column":0},"end":{"line":6,"column":67}},"5":{"start":{"line":7,"column":0},"end":{"line":7,"column":21}},"6":{"start":{"line":10,"column":19},"end":{"line":10,"column":35}},"7":{"start":{"line":11,"column":35},"end":{"line":11,"column":80}},"8":{"start":{"line":11,"column":61},"end":{"line":11,"column":79}},"9":{"start":{"line":12,"column":30},"end":{"line":12,"column":50}},"10":{"start":{"line":13,"column":19},"end":{"line":13,"column":47}},"11":{"start":{"line":15,"column":2},"end":{"line":17,"column":40}},"12":{"start":{"line":16,"column":4},"end":{"line":16,"column":67}},"13":{"start":{"line":19,"column":2},"end":{"line":21,"column":25}},"14":{"start":{"line":20,"column":4},"end":{"line":20,"column":75}},"15":{"start":{"line":23,"column":23},"end":{"line":26,"column":3}},"16":{"start":{"line":24,"column":4},"end":{"line":24,"column":23}},"17":{"start":{"line":25,"column":4},"end":{"line":25,"column":36}},"18":{"start":{"line":27,"column":23},"end":{"line":29,"column":3}},"19":{"start":{"line":28,"column":4},"end":{"line":28,"column":30}},"20":{"start":{"line":30,"column":2},"end":{"line":46,"column":4}},"21":{"start":{"line":9,"column":0},"end":{"line":9,"column":24}}},"fnMap":{"0":{"name":"SearchInput","decl":{"start":{"line":9,"column":24},"end":{"line":9,"column":35}},"loc":{"start":{"line":9,"column":35},"end":{"line":47,"column":1}}},"1":{"name":"(anonymous_1)","decl":{"start":{"line":11,"column":50},"end":{"line":11,"column":51}},"loc":{"start":{"line":11,"column":61},"end":{"line":11,"column":79}}},"2":{"name":"(anonymous_2)","decl":{"start":{"line":15,"column":12},"end":{"line":15,"column":15}},"loc":{"start":{"line":15,"column":17},"end":{"line":17,"column":3}}},"3":{"name":"(anonymous_3)","decl":{"start":{"line":19,"column":12},"end":{"line":19,"column":15}},"loc":{"start":{"line":19,"column":17},"end":{"line":21,"column":3}}},"4":{"name":"(anonymous_4)","decl":{"start":{"line":23,"column":23},"end":{"line":23,"column":24}},"loc":{"start":{"line":23,"column":65},"end":{"line":26,"column":3}}},"5":{"name":"(anonymous_5)","decl":{"start":{"line":27,"column":23},"end":{"line":27,"column":24}},"loc":{"start":{"line":27,"column":66},"end":{"line":29,"column":3}}}},"branchMap":{"0":{"loc":{"start":{"line":20,"column":25},"end":{"line":20,"column":72}},"type":"cond-expr","locations":[{"start":{"line":20,"column":34},"end":{"line":20,"column":62}},{"start":{"line":20,"column":65},"end":{"line":20,"column":72}}]}},"s":{"0":3,"1":3,"2":3,"3":3,"4":3,"5":3,"6":61,"7":61,"8":178,"9":61,"10":61,"11":61,"12":14,"13":61,"14":14,"15":61,"16":0,"17":0,"18":61,"19":3,"20":61,"21":3},"f":{"0":61,"1":178,"2":14,"3":14,"4":0,"5":3},"b":{"0":[3,11]}}
,"F:\\rs-school\\react4\\rss-react\\src\\components\\Search\\index.ts": {"path":"F:\\rs-school\\react4\\rss-react\\src\\components\\Search\\index.ts","statementMap":{"0":{"start":{"line":1,"column":0},"end":{"line":1,"column":9}},"1":{"start":{"line":1,"column":9},"end":{"line":1,"column":26}}},"fnMap":{"0":{"name":"(anonymous_0)","decl":{"start":{"line":1,"column":9},"end":{"line":1,"column":16}},"loc":{"start":{"line":1,"column":9},"end":{"line":1,"column":26}}}},"branchMap":{},"s":{"0":3,"1":57},"f":{"0":54},"b":{}}
,"F:\\rs-school\\react4\\rss-react\\src\\constants\\constants.tsx": {"path":"F:\\rs-school\\react4\\rss-react\\src\\constants\\constants.tsx","statementMap":{"0":{"start":{"line":1,"column":13},"end":{"line":1,"column":67}},"1":{"start":{"line":2,"column":13},"end":{"line":4,"column":12}}},"fnMap":{},"branchMap":{"0":{"loc":{"start":{"line":2,"column":24},"end":{"line":4,"column":11}},"type":"cond-expr","locations":[{"start":{"line":3,"column":4},"end":{"line":3,"column":59}},{"start":{"line":4,"column":4},"end":{"line":4,"column":11}}]}},"s":{"0":8,"1":8},"f":{},"b":{"0":[0,8]}}
,"F:\\rs-school\\react4\\rss-react\\src\\mocks\\CharacterListMock.tsx": {"path":"F:\\rs-school\\react4\\rss-react\\src\\mocks\\CharacterListMock.tsx","statementMap":{"0":{"start":{"line":1,"column":13},"end":{"line":151,"column":2}},"1":{"start":{"line":153,"column":13},"end":{"line":161,"column":2}}},"fnMap":{},"branchMap":{},"s":{"0":2,"1":2},"f":{},"b":{}}
,"F:\\rs-school\\react4\\rss-react\\src\\mocks\\CharacterMock.tsx": {"path":"F:\\rs-school\\react4\\rss-react\\src\\mocks\\CharacterMock.tsx","statementMap":{"0":{"start":{"line":3,"column":13},"end":{"line":64,"column":2}}},"fnMap":{},"branchMap":{},"s":{"0":3},"f":{},"b":{}}
,"F:\\rs-school\\react4\\rss-react\\src\\pages\\DetailPage\\DetailPage.tsx": {"path":"F:\\rs-school\\react4\\rss-react\\src\\pages\\DetailPage\\DetailPage.tsx","statementMap":{"0":{"start":{"line":1,"column":0},"end":{"line":1,"column":32}},"1":{"start":{"line":2,"column":0},"end":{"line":2,"column":58}},"2":{"start":{"line":4,"column":0},"end":{"line":4,"column":57}},"3":{"start":{"line":5,"column":0},"end":{"line":5,"column":49}},"4":{"start":{"line":6,"column":0},"end":{"line":6,"column":56}},"5":{"start":{"line":7,"column":0},"end":{"line":7,"column":53}},"6":{"start":{"line":8,"column":0},"end":{"line":8,"column":21}},"7":{"start":{"line":11,"column":17},"end":{"line":11,"column":28}},"8":{"start":{"line":12,"column":19},"end":{"line":12,"column":33}},"9":{"start":{"line":13,"column":21},"end":{"line":13,"column":34}},"10":{"start":{"line":15,"column":37},"end":{"line":15,"column":60}},"11":{"start":{"line":17,"column":22},"end":{"line":21,"column":30}},"12":{"start":{"line":18,"column":4},"end":{"line":18,"column":37}},"13":{"start":{"line":18,"column":19},"end":{"line":18,"column":37}},"14":{"start":{"line":19,"column":4},"end":{"line":19,"column":49}},"15":{"start":{"line":19,"column":15},"end":{"line":19,"column":49}},"16":{"start":{"line":20,"column":4},"end":{"line":20,"column":63}},"17":{"start":{"line":23,"column":17},"end":{"line":25,"column":3}},"18":{"start":{"line":24,"column":4},"end":{"line":24,"column":39}},"19":{"start":{"line":27,"column":2},"end":{"line":32,"column":4}},"20":{"start":{"line":10,"column":0},"end":{"line":10,"column":24}}},"fnMap":{"0":{"name":"DetailPage","decl":{"start":{"line":10,"column":24},"end":{"line":10,"column":34}},"loc":{"start":{"line":10,"column":34},"end":{"line":33,"column":1}}},"1":{"name":"(anonymous_1)","decl":{"start":{"line":17,"column":30},"end":{"line":17,"column":33}},"loc":{"start":{"line":17,"column":35},"end":{"line":21,"column":3}}},"2":{"name":"(anonymous_2)","decl":{"start":{"line":23,"column":17},"end":{"line":23,"column":20}},"loc":{"start":{"line":23,"column":22},"end":{"line":25,"column":3}}}},"branchMap":{"0":{"loc":{"start":{"line":12,"column":19},"end":{"line":12,"column":33}},"type":"binary-expr","locations":[{"start":{"line":12,"column":19},"end":{"line":12,"column":28}},{"start":{"line":12,"column":32},"end":{"line":12,"column":33}}]},"1":{"loc":{"start":{"line":18,"column":4},"end":{"line":18,"column":37}},"type":"if","locations":[{"start":{"line":18,"column":4},"end":{"line":18,"column":37}}]},"2":{"loc":{"start":{"line":19,"column":4},"end":{"line":19,"column":49}},"type":"if","locations":[{"start":{"line":19,"column":4},"end":{"line":19,"column":49}}]},"3":{"loc":{"start":{"line":20,"column":34},"end":{"line":20,"column":58}},"type":"binary-expr","locations":[{"start":{"line":20,"column":34},"end":{"line":20,"column":38}},{"start":{"line":20,"column":42},"end":{"line":20,"column":58}}]}},"s":{"0":2,"1":2,"2":2,"3":2,"4":2,"5":2,"6":2,"7":17,"8":17,"9":17,"10":17,"11":17,"12":16,"13":6,"14":10,"15":10,"16":0,"17":17,"18":0,"19":17,"20":2},"f":{"0":17,"1":16,"2":0},"b":{"0":[17,17],"1":[6],"2":[10],"3":[0,0]}}
,"F:\\rs-school\\react4\\rss-react\\src\\pages\\MainPage\\MainPage.tsx": {"path":"F:\\rs-school\\react4\\rss-react\\src\\pages\\MainPage\\MainPage.tsx","statementMap":{"0":{"start":{"line":1,"column":0},"end":{"line":1,"column":43}},"1":{"start":{"line":2,"column":0},"end":{"line":2,"column":42}},"2":{"start":{"line":4,"column":0},"end":{"line":4,"column":56}},"3":{"start":{"line":5,"column":0},"end":{"line":5,"column":55}},"4":{"start":{"line":6,"column":0},"end":{"line":6,"column":49}},"5":{"start":{"line":7,"column":0},"end":{"line":7,"column":49}},"6":{"start":{"line":8,"column":0},"end":{"line":8,"column":57}},"7":{"start":{"line":9,"column":0},"end":{"line":9,"column":51}},"8":{"start":{"line":10,"column":0},"end":{"line":10,"column":49}},"9":{"start":{"line":11,"column":0},"end":{"line":11,"column":47}},"10":{"start":{"line":12,"column":0},"end":{"line":12,"column":62}},"11":{"start":{"line":13,"column":0},"end":{"line":13,"column":67}},"12":{"start":{"line":14,"column":0},"end":{"line":14,"column":21}},"13":{"start":{"line":17,"column":19},"end":{"line":17,"column":35}},"14":{"start":{"line":18,"column":34},"end":{"line":18,"column":79}},"15":{"start":{"line":18,"column":60},"end":{"line":18,"column":78}},"16":{"start":{"line":19,"column":31},"end":{"line":19,"column":59}},"17":{"start":{"line":21,"column":2},"end":{"line":23,"column":28}},"18":{"start":{"line":22,"column":4},"end":{"line":22,"column":36}},"19":{"start":{"line":25,"column":19},"end":{"line":34,"column":35}},"20":{"start":{"line":26,"column":4},"end":{"line":26,"column":37}},"21":{"start":{"line":26,"column":19},"end":{"line":26,"column":37}},"22":{"start":{"line":27,"column":4},"end":{"line":32,"column":8}},"23":{"start":{"line":28,"column":6},"end":{"line":32,"column":8}},"24":{"start":{"line":33,"column":4},"end":{"line":33,"column":25}},"25":{"start":{"line":36,"column":2},"end":{"line":49,"column":4}},"26":{"start":{"line":16,"column":0},"end":{"line":16,"column":24}}},"fnMap":{"0":{"name":"MainPage","decl":{"start":{"line":16,"column":24},"end":{"line":16,"column":32}},"loc":{"start":{"line":16,"column":32},"end":{"line":50,"column":1}}},"1":{"name":"(anonymous_1)","decl":{"start":{"line":18,"column":49},"end":{"line":18,"column":50}},"loc":{"start":{"line":18,"column":60},"end":{"line":18,"column":78}}},"2":{"name":"(anonymous_2)","decl":{"start":{"line":21,"column":12},"end":{"line":21,"column":15}},"loc":{"start":{"line":21,"column":17},"end":{"line":23,"column":3}}},"3":{"name":"(anonymous_3)","decl":{"start":{"line":25,"column":27},"end":{"line":25,"column":30}},"loc":{"start":{"line":25,"column":32},"end":{"line":34,"column":3}}}},"branchMap":{"0":{"loc":{"start":{"line":26,"column":4},"end":{"line":26,"column":37}},"type":"if","locations":[{"start":{"line":26,"column":4},"end":{"line":26,"column":37}}]},"1":{"loc":{"start":{"line":27,"column":4},"end":{"line":32,"column":8}},"type":"if","locations":[{"start":{"line":27,"column":4},"end":{"line":32,"column":8}}]}},"s":{"0":2,"1":2,"2":2,"3":2,"4":2,"5":2,"6":2,"7":2,"8":2,"9":2,"10":2,"11":2,"12":2,"13":53,"14":53,"15":130,"16":53,"17":53,"18":28,"19":53,"20":32,"21":12,"22":20,"23":20,"24":0,"25":53,"26":2},"f":{"0":53,"1":130,"2":28,"3":32},"b":{"0":[12],"1":[20]}}
,"F:\\rs-school\\react4\\rss-react\\src\\pages\\Page404\\Page404.tsx": {"path":"F:\\rs-school\\react4\\rss-react\\src\\pages\\Page404\\Page404.tsx","statementMap":{"0":{"start":{"line":2,"column":2},"end":{"line":2,"column":57}},"1":{"start":{"line":1,"column":0},"end":{"line":1,"column":24}}},"fnMap":{"0":{"name":"Page404","decl":{"start":{"line":1,"column":24},"end":{"line":1,"column":31}},"loc":{"start":{"line":1,"column":31},"end":{"line":3,"column":1}}}},"branchMap":{},"s":{"0":2,"1":2},"f":{"0":2},"b":{}}
,"F:\\rs-school\\react4\\rss-react\\src\\store\\Slice.tsx": {"path":"F:\\rs-school\\react4\\rss-react\\src\\store\\Slice.tsx","statementMap":{"0":{"start":{"line":2,"column":0},"end":{"line":2,"column":47}},"1":{"start":{"line":4,"column":0},"end":{"line":4,"column":50}},"2":{"start":{"line":6,"column":0},"end":{"line":6,"column":46}},"3":{"start":{"line":8,"column":21},"end":{"line":21,"column":2}},"4":{"start":{"line":23,"column":13},"end":{"line":58,"column":3}},"5":{"start":{"line":28,"column":6},"end":{"line":28,"column":40}},"6":{"start":{"line":31,"column":6},"end":{"line":31,"column":40}},"7":{"start":{"line":32,"column":6},"end":{"line":32,"column":56}},"8":{"start":{"line":35,"column":6},"end":{"line":35,"column":46}},"9":{"start":{"line":38,"column":6},"end":{"line":38,"column":35}},"10":{"start":{"line":41,"column":6},"end":{"line":41,"column":38}},"11":{"start":{"line":44,"column":6},"end":{"line":44,"column":37}},"12":{"start":{"line":48,"column":4},"end":{"line":56,"column":6}},"13":{"start":{"line":51,"column":8},"end":{"line":51,"column":38}},"14":{"start":{"line":52,"column":8},"end":{"line":52,"column":55}},"15":{"start":{"line":53,"column":8},"end":{"line":53,"column":50}},"16":{"start":{"line":54,"column":8},"end":{"line":54,"column":50}},"17":{"start":{"line":60,"column":0},"end":{"line":60,"column":29}},"18":{"start":{"line":61,"column":13},"end":{"line":61,"column":null}}},"fnMap":{"0":{"name":"(anonymous_0)","decl":{"start":{"line":27,"column":4},"end":{"line":27,"column":17}},"loc":{"start":{"line":27,"column":31},"end":{"line":29,"column":5}}},"1":{"name":"(anonymous_1)","decl":{"start":{"line":30,"column":4},"end":{"line":30,"column":17}},"loc":{"start":{"line":30,"column":31},"end":{"line":33,"column":5}}},"2":{"name":"(anonymous_2)","decl":{"start":{"line":34,"column":4},"end":{"line":34,"column":18}},"loc":{"start":{"line":34,"column":32},"end":{"line":36,"column":5}}},"3":{"name":"(anonymous_3)","decl":{"start":{"line":37,"column":4},"end":{"line":37,"column":12}},"loc":{"start":{"line":37,"column":26},"end":{"line":39,"column":5}}},"4":{"name":"(anonymous_4)","decl":{"start":{"line":40,"column":4},"end":{"line":40,"column":15}},"loc":{"start":{"line":40,"column":29},"end":{"line":42,"column":5}}},"5":{"name":"(anonymous_5)","decl":{"start":{"line":43,"column":4},"end":{"line":43,"column":14}},"loc":{"start":{"line":43,"column":28},"end":{"line":45,"column":5}}},"6":{"name":"(anonymous_6)","decl":{"start":{"line":47,"column":17},"end":{"line":47,"column":18}},"loc":{"start":{"line":47,"column":29},"end":{"line":57,"column":3}}},"7":{"name":"(anonymous_7)","decl":{"start":{"line":50,"column":6},"end":{"line":50,"column":7}},"loc":{"start":{"line":50,"column":29},"end":{"line":55,"column":7}}}},"branchMap":{"0":{"loc":{"start":{"line":17,"column":15},"end":{"line":17,"column":65}},"type":"binary-expr","locations":[{"start":{"line":17,"column":15},"end":{"line":17,"column":59}},{"start":{"line":17,"column":63},"end":{"line":17,"column":65}}]}},"s":{"0":7,"1":7,"2":7,"3":7,"4":7,"5":0,"6":0,"7":0,"8":14,"9":25,"10":14,"11":28,"12":7,"13":0,"14":0,"15":0,"16":0,"17":7,"18":7},"f":{"0":0,"1":0,"2":14,"3":25,"4":14,"5":28,"6":7,"7":0},"b":{"0":[7,7]}}
,"F:\\rs-school\\react4\\rss-react\\src\\store\\characterApi.tsx": {"path":"F:\\rs-school\\react4\\rss-react\\src\\store\\characterApi.tsx","statementMap":{"0":{"start":{"line":1,"column":0},"end":{"line":1,"column":73}},"1":{"start":{"line":3,"column":0},"end":{"line":3,"column":49}},"2":{"start":{"line":6,"column":13},"end":{"line":17,"column":3}},"3":{"start":{"line":9,"column":27},"end":{"line":16,"column":4}},"4":{"start":{"line":11,"column":24},"end":{"line":11,"column":34}},"5":{"start":{"line":14,"column":21},"end":{"line":14,"column":39}},"6":{"start":{"line":19,"column":13},"end":{"line":19,"column":82}},"7":{"start":{"line":20,"column":13},"end":{"line":20,"column":79}}},"fnMap":{"0":{"name":"(anonymous_0)","decl":{"start":{"line":9,"column":13},"end":{"line":9,"column":14}},"loc":{"start":{"line":9,"column":27},"end":{"line":16,"column":4}}},"1":{"name":"(anonymous_1)","decl":{"start":{"line":11,"column":13},"end":{"line":11,"column":14}},"loc":{"start":{"line":11,"column":24},"end":{"line":11,"column":34}}},"2":{"name":"(anonymous_2)","decl":{"start":{"line":14,"column":13},"end":{"line":14,"column":14}},"loc":{"start":{"line":14,"column":21},"end":{"line":14,"column":39}}}},"branchMap":{},"s":{"0":8,"1":8,"2":8,"3":8,"4":21,"5":5,"6":8,"7":8},"f":{"0":8,"1":21,"2":5},"b":{}}
,"F:\\rs-school\\react4\\rss-react\\src\\store\\index.ts": {"path":"F:\\rs-school\\react4\\rss-react\\src\\store\\index.ts","statementMap":{"0":{"start":{"line":1,"column":0},"end":{"line":1,"column":67}},"1":{"start":{"line":2,"column":0},"end":{"line":2,"column":67}},"2":{"start":{"line":4,"column":0},"end":{"line":4,"column":35}},"3":{"start":{"line":5,"column":0},"end":{"line":5,"column":46}},"4":{"start":{"line":7,"column":20},"end":{"line":10,"column":2}},"5":{"start":{"line":12,"column":13},"end":{"line":15,"column":3}},"6":{"start":{"line":14,"column":40},"end":{"line":14,"column":94}},"7":{"start":{"line":17,"column":0},"end":{"line":17,"column":31}}},"fnMap":{"0":{"name":"(anonymous_0)","decl":{"start":{"line":14,"column":14},"end":{"line":14,"column":15}},"loc":{"start":{"line":14,"column":40},"end":{"line":14,"column":94}}}},"branchMap":{},"s":{"0":7,"1":7,"2":7,"3":7,"4":7,"5":7,"6":7,"7":7},"f":{"0":7},"b":{}}
,"F:\\rs-school\\react4\\rss-react\\src\\types\\types.tsx": {"path":"F:\\rs-school\\react4\\rss-react\\src\\types\\types.tsx","statementMap":{"0":{"start":{"line":1,"column":0},"end":{"line":1,"column":77}},"1":{"start":{"line":48,"column":13},"end":{"line":67,"column":2}},"2":{"start":{"line":71,"column":13},"end":{"line":71,"column":75}},"3":{"start":{"line":72,"column":13},"end":{"line":72,"column":61}}},"fnMap":{},"branchMap":{},"s":{"0":7,"1":7,"2":7,"3":7},"f":{},"b":{}}
}
