TN:
SF:src\App.tsx
FN:10,App
FNF:1
FNH:1
FNDA:8,App
DA:1,1
DA:2,1
DA:4,1
DA:5,1
DA:6,1
DA:7,1
DA:8,1
DA:10,1
DA:11,8
DA:12,7
DA:14,7
LF:11
LH:11
BRF:0
BRH:0
end_of_record
TN:
SF:src\components\Buttons\ButtonError.tsx
FN:5,ButtonReload
FN:8,(anonymous_1)
FN:12,(anonymous_2)
FN:13,(anonymous_3)
FNF:4
FNH:3
FNDA:14,ButtonReload
FNDA:0,(anonymous_1)
FNDA:6,(anonymous_2)
FNDA:6,(anonymous_3)
DA:1,3
DA:3,3
DA:5,3
DA:6,14
DA:8,14
DA:9,0
DA:12,14
DA:13,6
DA:14,6
DA:15,6
DA:16,0
DA:19,6
DA:22,14
LF:13
LH:11
BRDA:15,0,0,0
BRF:1
BRH:0
end_of_record
TN:
SF:src\components\Buttons\ButtonReload.tsx
FN:1,ButtonReload
FN:4,(anonymous_1)
FNF:2
FNH:1
FNDA:1,ButtonReload
FNDA:0,(anonymous_1)
DA:1,3
DA:2,1
DA:4,0
LF:3
LH:2
BRF:0
BRH:0
end_of_record
TN:
SF:src\components\Buttons\index.ts
FN:1,(anonymous_0)
FN:2,(anonymous_1)
FNF:2
FNH:2
FNDA:1,(anonymous_0)
FNDA:14,(anonymous_1)
DA:1,4
DA:2,17
LF:2
LH:2
BRF:0
BRH:0
end_of_record
TN:
SF:src\components\CardsItem\CardsItem.tsx
FN:10,CardsItem
FNF:1
FNH:1
FNDA:2,CardsItem
DA:1,4
DA:4,4
DA:10,4
DA:11,2
LF:4
LH:4
BRF:0
BRH:0
end_of_record
TN:
SF:src\components\CardsItem\index.ts
FN:1,(anonymous_0)
FNF:1
FNH:1
FNDA:2,(anonymous_0)
DA:1,6
LF:1
LH:1
BRF:0
BRH:0
end_of_record
TN:
SF:src\components\CardsList\CardsList.tsx
FN:10,CardsList
FN:16,(anonymous_1)
FNF:2
FNH:1
FNDA:6,CardsList
FNDA:0,(anonymous_1)
DA:1,3
DA:3,3
DA:4,3
DA:5,3
DA:10,3
DA:11,6
DA:13,6
DA:14,6
DA:17,0
LF:9
LH:8
BRDA:13,0,0,6
BRDA:13,0,1,0
BRF:2
BRH:1
end_of_record
TN:
SF:src\components\CardsList\index.ts
FN:1,(anonymous_0)
FNF:1
FNH:1
FNDA:6,(anonymous_0)
DA:1,9
LF:1
LH:1
BRF:0
BRH:0
end_of_record
TN:
SF:src\components\DetailInfo\DetailInfo.tsx
FN:9,DetailInfo
FNF:1
FNH:1
FNDA:2,DetailInfo
DA:1,2
DA:9,2
DA:10,2
LF:3
LH:3
BRF:0
BRH:0
end_of_record
TN:
SF:src\components\DetailInfo\index.ts
FN:1,(anonymous_0)
FNF:1
FNH:1
FNDA:2,(anonymous_0)
DA:1,4
LF:1
LH:1
BRF:0
BRH:0
end_of_record
TN:
SF:src\components\Header\Header.tsx
FN:4,Header
FNF:1
FNH:1
FNDA:14,Header
DA:1,3
DA:2,3
DA:4,3
DA:5,14
LF:4
LH:4
BRF:0
BRH:0
end_of_record
TN:
SF:src\components\Header\index.ts
FN:1,(anonymous_0)
FNF:1
FNH:1
FNDA:16,(anonymous_0)
DA:1,19
LF:1
LH:1
BRF:0
BRH:0
end_of_record
TN:
SF:src\components\Loader\Loader.tsx
FN:3,Loader
FNF:1
FNH:1
FNDA:5,Loader
DA:1,2
DA:3,2
DA:4,5
LF:3
LH:3
BRF:0
BRH:0
end_of_record
TN:
SF:src\components\Loader\index.ts
FN:1,(anonymous_0)
FNF:1
FNH:1
FNDA:5,(anonymous_0)
DA:1,7
LF:1
LH:1
BRF:0
BRH:0
end_of_record
TN:
SF:src\components\Pagination\Pagination.tsx
FN:10,Pagination
FNF:1
FNH:1
FNDA:14,Pagination
DA:1,3
DA:10,3
DA:11,14
LF:3
LH:3
BRF:0
BRH:0
end_of_record
TN:
SF:src\components\Pagination\index.ts
FN:1,(anonymous_0)
FNF:1
FNH:1
FNDA:16,(anonymous_0)
DA:1,19
LF:1
LH:1
BRF:0
BRH:0
end_of_record
TN:
SF:src\components\PerPage\PerPage.tsx
FN:7,PerPage
FN:9,(anonymous_1)
FNF:2
FNH:1
FNDA:13,PerPage
FNDA:0,(anonymous_1)
DA:1,2
DA:7,2
DA:8,13
DA:9,0
LF:4
LH:3
BRF:0
BRH:0
end_of_record
TN:
SF:src\components\PerPage\index.ts
FN:1,(anonymous_0)
FNF:1
FNH:1
FNDA:15,(anonymous_0)
DA:1,17
LF:1
LH:1
BRF:0
BRH:0
end_of_record
TN:
SF:src\components\Search\Search.tsx
FN:8,SearchInput
FN:9,(anonymous_1)
FNF:2
FNH:2
FNDA:14,SearchInput
FNDA:3,(anonymous_1)
DA:1,3
DA:8,3
DA:9,14
DA:10,3
DA:12,14
LF:5
LH:5
BRF:0
BRH:0
end_of_record
TN:
SF:src\components\Search\index.ts
FN:1,(anonymous_0)
FNF:1
FNH:1
FNDA:16,(anonymous_0)
DA:1,19
LF:1
LH:1
BRF:0
BRH:0
end_of_record
TN:
SF:src\constants\constants.tsx
FNF:0
FNH:0
DA:1,2
LF:1
LH:1
BRF:0
BRH:0
end_of_record
TN:
SF:src\contexts\ItemsContext.tsx
FN:14,(anonymous_0)
FNF:1
FNH:1
FNDA:3,(anonymous_0)
DA:1,3
DA:5,3
DA:12,3
DA:14,3
DA:17,3
LF:5
LH:5
BRF:0
BRH:0
end_of_record
TN:
SF:src\contexts\SearchContext.tsx
FN:12,(anonymous_0)
FNF:1
FNH:1
FNDA:2,(anonymous_0)
DA:1,2
DA:3,2
DA:10,2
DA:12,2
DA:15,2
LF:5
LH:5
BRDA:3,0,0,2
BRDA:3,0,1,2
BRF:2
BRH:2
end_of_record
TN:
SF:src\mocks\CharacterMock.tsx
FNF:0
FNH:0
DA:3,2
LF:1
LH:1
BRF:0
BRH:0
end_of_record
TN:
SF:src\pages\DetailPage\DetailPage.tsx
FN:10,DetailPage
FN:17,(anonymous_1)
FN:18,(anonymous_2)
FN:34,(anonymous_3)
FN:39,(anonymous_4)
FNF:5
FNH:0
FNDA:0,DetailPage
FNDA:0,(anonymous_1)
FNDA:0,(anonymous_2)
FNDA:0,(anonymous_3)
FNDA:0,(anonymous_4)
DA:1,1
DA:2,1
DA:4,1
DA:5,1
DA:6,1
DA:7,1
DA:8,1
DA:10,1
DA:11,0
DA:12,0
DA:13,0
DA:14,0
DA:15,0
DA:17,0
DA:18,0
DA:19,0
DA:20,0
DA:21,0
DA:22,0
DA:23,0
DA:24,0
DA:27,0
DA:28,0
DA:31,0
DA:34,0
DA:35,0
DA:36,0
DA:39,0
DA:40,0
DA:43,0
LF:30
LH:8
BRDA:14,0,0,0
BRDA:14,0,1,0
BRDA:22,1,0,0
BRDA:35,2,0,0
BRF:4
BRH:0
end_of_record
TN:
SF:src\pages\MainPage\MainPage.tsx
FN:18,MainPage
FN:35,(anonymous_1)
FN:36,(anonymous_2)
FN:58,(anonymous_3)
FN:62,(anonymous_4)
FN:67,(anonymous_5)
FN:74,(anonymous_6)
FN:81,(anonymous_7)
FN:87,(anonymous_8)
FN:93,(anonymous_9)
FNF:10
FNH:6
FNDA:16,MainPage
FNDA:7,(anonymous_1)
FNDA:7,(anonymous_2)
FNDA:7,(anonymous_3)
FNDA:0,(anonymous_4)
FNDA:2,(anonymous_5)
FNDA:0,(anonymous_6)
FNDA:0,(anonymous_7)
FNDA:0,(anonymous_8)
FNDA:11,(anonymous_9)
DA:1,2
DA:2,2
DA:4,2
DA:5,2
DA:6,2
DA:7,2
DA:8,2
DA:9,2
DA:10,2
DA:11,2
DA:12,2
DA:13,2
DA:15,2
DA:16,2
DA:18,2
DA:19,16
DA:20,15
DA:21,15
DA:22,15
DA:23,15
DA:24,15
DA:25,15
DA:26,15
DA:27,15
DA:31,15
DA:32,15
DA:33,15
DA:35,15
DA:36,7
DA:37,7
DA:38,7
DA:39,7
DA:40,7
DA:41,0
DA:42,0
DA:43,0
DA:44,0
DA:45,0
DA:47,7
DA:48,7
DA:49,7
DA:52,0
DA:55,7
DA:58,15
DA:59,7
DA:62,15
DA:63,0
DA:64,0
DA:67,15
DA:68,2
DA:69,2
DA:70,2
DA:73,15
DA:75,0
DA:76,0
DA:81,15
DA:82,0
DA:83,0
DA:87,15
DA:88,0
DA:89,0
DA:93,15
DA:94,11
DA:95,6
DA:96,1
DA:101,5
DA:104,15
LF:67
LH:53
BRDA:28,0,0,4
BRDA:28,0,1,11
BRDA:32,1,0,15
BRDA:32,1,1,15
BRDA:40,2,0,0
BRDA:40,2,1,7
BRDA:76,3,0,0
BRDA:76,3,1,0
BRDA:82,4,0,0
BRDA:88,5,0,0
BRDA:94,6,0,5
BRDA:95,7,0,1
BRF:12
BRH:7
end_of_record
TN:
SF:src\pages\Page404\Page404.tsx
FN:1,Page404
FNF:1
FNH:1
FNDA:1,Page404
DA:1,1
DA:2,1
LF:2
LH:2
BRF:0
BRH:0
end_of_record
TN:
SF:src\types\types.tsx
FNF:0
FNH:0
DA:46,1
LF:1
LH:1
BRF:0
BRH:0
end_of_record
TN:
SF:src\utils\api.tsx
FN:4,getCharacters
FN:14,searchCharacters
FN:25,getCharacter
FN:35,getPages
FNF:4
FNH:1
FNDA:7,getCharacters
FNDA:0,searchCharacters
FNDA:0,getCharacter
FNDA:0,getPages
DA:1,2
DA:4,2
DA:5,7
DA:6,7
DA:7,0
DA:8,0
DA:10,7
DA:14,2
DA:15,0
DA:16,0
DA:17,0
DA:18,0
DA:19,0
DA:21,0
DA:25,2
DA:26,0
DA:27,0
DA:28,0
DA:29,0
DA:31,0
DA:35,2
DA:36,0
DA:37,0
DA:38,0
DA:39,0
DA:41,0
LF:26
LH:8
BRF:0
BRH:0
end_of_record
